%!Adobe-FontList 1.20
%Locale:0x40c

%BeginFont
Handler:DirectoryHandler
FontType:Type1
FontName:Novecentowide-Bold
FamilyName:Novecento wide
StyleName:Bold
FullName:Novecento wide Bold
MenuName:Novecento wide Book
StyleBits:2
WritingScript:Roman
OutlineFileName:C:\Users\olivier cornil\Desktop\ISN pour site\Dossier ISN_affiches\Document fonts\Novecentowide-Bold.otf
DataFormat:sfntData
UsesStandardEncoding:yes
isCFF:yes
hasSVG:no
VariableFontType:NonVariableFont
FileLength:63180
FileModTime:1315916388
WeightClass:700
WidthClass:7
AngleClass:0
NameArray:0,Mac,4,Novecento wide Bold
NameArray:0,Win,1,Novecento wide Book
NameArray:0,Win,16,Novecento wide
%EndFont

